<?xml version="1.0" encoding="UTF-8"?>
<!-- Generated by org.testng.reporters.JUnitReportReporter -->
<testsuite hostname="Ranjeet-MacBook-Pro.local" failures="0" tests="1" name="Com.Banking.TestCases.Banking_LoginTestCase" time="28.059" errors="0" timestamp="2022-12-20T20:23:10 IST" skipped="0">
  <testcase classname="Com.Banking.TestCases.Banking_LoginTestCase" name="LoginTest" time="28.059"/>
  <system-out/>
</testsuite> <!-- Com.Banking.TestCases.Banking_LoginTestCase -->
